[2025-05-14 21:25:15,354] INFO in app: Запуск предсказания для площади: 15.0 м², этажа 6, этажности дома 80, кол-ва комнат 2
[2025-05-14 21:25:15,356] INFO in app: Предсказание сделано: [19010552.3830102]
[2025-05-14 21:32:04,486] INFO in app: Загружена ML-модель
[2025-05-14 21:32:04,486] INFO in app: Запуск сервера на http://127.0.0.1:5001
[2025-05-14 21:32:05,432] INFO in app: Загружена ML-модель
[2025-05-14 21:32:05,432] INFO in app: Запуск сервера на http://127.0.0.1:5001
[2025-05-14 21:32:07,913] INFO in app: Открыта главная страница
[2025-05-14 21:32:16,995] INFO in app: Получен JSON: {'number_of_rooms': '2', 'area': '45', 'flat_floor': '4', 'total_floors': '6'}
[2025-05-14 21:32:16,996] INFO in app: Данные успешно проверены: [2.0, 45.0, 4.0, 6.0]
[2025-05-14 21:32:16,996] INFO in app: Запуск предсказания для площади: 45.0 м², этажа 4, этажности дома 6, кол-ва комнат 2
[2025-05-14 21:32:16,999] INFO in app: Предсказание сделано: [29948407.05403187]
[2025-05-14 21:32:23,656] INFO in app: Получен JSON: {'number_of_rooms': '2', 'area': '45', 'flat_floor': '4', 'total_floors': '10'}
[2025-05-14 21:32:23,657] INFO in app: Данные успешно проверены: [2.0, 45.0, 4.0, 10.0]
[2025-05-14 21:32:23,657] INFO in app: Запуск предсказания для площади: 45.0 м², этажа 4, этажности дома 10, кол-ва комнат 2
[2025-05-14 21:32:23,658] INFO in app: Предсказание сделано: [18195821.44562074]
[2025-05-14 21:32:27,853] INFO in app: Получен JSON: {'number_of_rooms': '2', 'area': '45', 'flat_floor': '6', 'total_floors': '10'}
[2025-05-14 21:32:27,854] INFO in app: Данные успешно проверены: [2.0, 45.0, 6.0, 10.0]
[2025-05-14 21:32:27,854] INFO in app: Запуск предсказания для площади: 45.0 м², этажа 6, этажности дома 10, кол-ва комнат 2
[2025-05-14 21:32:27,855] INFO in app: Предсказание сделано: [16958356.36943503]
[2025-05-14 21:32:59,751] INFO in app: Получен JSON: {'number_of_rooms': '2', 'area': '45', 'flat_floor': '4', 'total_floors': '6'}
[2025-05-14 21:32:59,751] INFO in app: Данные успешно проверены: [2.0, 45.0, 4.0, 6.0]
[2025-05-14 21:32:59,751] INFO in app: Запуск предсказания для площади: 45.0 м², этажа 4, этажности дома 6, кол-ва комнат 2
[2025-05-14 21:32:59,754] INFO in app: Предсказание сделано: [29948407.05403187]
[2025-05-14 21:33:56,546] INFO in app: Получен JSON: {'number_of_rooms': '2', 'area': '45', 'flat_floor': '4', 'total_floors': '6'}
[2025-05-14 21:33:56,548] INFO in app: Данные успешно проверены: [2.0, 45.0, 4.0, 6.0]
[2025-05-14 21:33:56,548] INFO in app: Запуск предсказания для площади: 45.0 м², этажа 4, этажности дома 6, кол-ва комнат 2
[2025-05-14 21:33:56,552] INFO in app: Предсказание сделано: [29948407.05403187]
[2025-05-14 21:34:00,979] INFO in app: Получен JSON: {'number_of_rooms': '2', 'area': '45', 'flat_floor': '4', 'total_floors': '10'}
[2025-05-14 21:34:00,979] INFO in app: Данные успешно проверены: [2.0, 45.0, 4.0, 10.0]
[2025-05-14 21:34:00,979] INFO in app: Запуск предсказания для площади: 45.0 м², этажа 4, этажности дома 10, кол-ва комнат 2
[2025-05-14 21:34:00,980] INFO in app: Предсказание сделано: [18195821.44562074]
[2025-05-14 21:34:10,786] INFO in app: Получен JSON: {'number_of_rooms': '2', 'area': '45', 'flat_floor': '4', 'total_floors': '100'}
[2025-05-14 21:34:10,787] INFO in app: Данные успешно проверены: [2.0, 45.0, 4.0, 100.0]
[2025-05-14 21:34:10,787] INFO in app: Запуск предсказания для площади: 45.0 м², этажа 4, этажности дома 100, кол-ва комнат 2
[2025-05-14 21:34:10,788] INFO in app: Предсказание сделано: [26761024.37147264]
